
** CST Sample Problem (Logan #8.22) **

Nodal Displacements
-----------------------------------------------------------------------------
Node #      DOF 1       DOF 2       DOF 3       DOF 4       DOF 5       DOF 6
-----------------------------------------------------------------------------
  1    0.00026974     0.01237           0           0           0           0
  2      -0.01224   0.0064646           0           0           0           0
  3     -0.015357  0.00023496           0           0           0           0
  4             0           0           0           0           0           0
  5     0.0067931 -0.00070726           0           0           0           0
  6     0.0087238  -0.0058193           0           0           0           0
  7     0.0079026  -0.0070229           0           0           0           0
  8             0           0           0           0           0           0
  9     0.0030445  -0.0081439           0           0           0           0
 10     0.0082806   -0.011114           0           0           0           0
 11      0.011946   -0.012134           0           0           0           0
 12      0.024235   -0.013046           0           0           0           0
 13       0.25648   -0.086508           0           0           0           0
 14       0.25713   -0.026466           0           0           0           0
 15      0.024397   0.0019585           0           0           0           0
 16      0.010845    0.011515           0           0           0           0
 17      0.015921   0.0055937           0           0           0           0
 18    0.00020527   0.0035822           0           0           0           0
 19    0.00028022   0.0065801           0           0           0           0
 20    0.00030308   0.0094993           0           0           0           0
 21    -0.0027905    0.011038           0           0           0           0
 22    -0.0059535   0.0095707           0           0           0           0
 23    -0.0091114   0.0080236           0           0           0           0
 24       -0.0138   0.0033497           0           0           0           0
 25     -0.012243  0.00023496           0           0           0           0
 26    -0.0091404   0.0002329           0           0           0           0
 27     -0.006053  0.00021267           0           0           0           0
 28     -0.003015  0.00015913           0           0           0           0
 29     0.0086244  0.00052821           0           0           0           0
 30      0.010554   0.0019052           0           0           0           0
 31       0.01246   0.0032298           0           0           0           0
 32      0.014273    0.004498           0           0           0           0
 33      0.014836    0.006817           0           0           0           0
 34      0.013655    0.008242           0           0           0           0
 35      0.012361   0.0098365           0           0           0           0
 36      0.008538    0.011701           0           0           0           0
 37     0.0060361    0.011954           0           0           0           0
 38     0.0032504    0.012196           0           0           0           0
 39     0.0035453 -0.00033505           0           0           0           0
 40      0.023867  -0.0074546           0           0           0           0
 41      0.024087  -0.0022453           0           0           0           0
 42      0.021941   0.0021589           0           0           0           0
 43      0.020187   0.0025583           0           0           0           0
 44      0.018638   0.0033543           0           0           0           0
 45      0.017264   0.0043364           0           0           0           0
 46     0.0075782  -0.0021257           0           0           0           0
 47     0.0080912  -0.0039669           0           0           0           0
 48      0.009418  -0.0071054           0           0           0           0
 49      0.010113  -0.0083596           0           0           0           0
 50      0.010807  -0.0096869           0           0           0           0
 51      0.011426    -0.01096           0           0           0           0
 52      0.012983   -0.011946           0           0           0           0
 53       0.01419   -0.011908           0           0           0           0
 54      0.015633    -0.01187           0           0           0           0
 55      0.017245   -0.011935           0           0           0           0
 56      0.019177   -0.012074           0           0           0           0
 57      0.021631   -0.012235           0           0           0           0
 58     0.0080733  -0.0078526           0           0           0           0
 59     0.0082053  -0.0089314           0           0           0           0
 60     0.0082623   -0.010053           0           0           0           0
 61     0.0094493   -0.011369           0           0           0           0
 62      0.010622   -0.011751           0           0           0           0
 63     0.0083866  -0.0067748           0           0           0           0
 64     0.0071355    -0.00627           0           0           0           0
 65     0.0061159  -0.0053694           0           0           0           0
 66     0.0047771  -0.0041175           0           0           0           0
 67      0.002854  -0.0024083           0           0           0           0
 68     0.0017253  -0.0055725           0           0           0           0
 69     0.0049255  -0.0090327           0           0           0           0
 70      0.006263   -0.009801           0           0           0           0
 71     0.0073338   -0.010483           0           0           0           0
 72      0.031083    -0.01729           0           0           0           0
 73      0.039986   -0.022277           0           0           0           0
 74      0.050976   -0.027352           0           0           0           0
 75      0.063805   -0.032575           0           0           0           0
 76      0.078308   -0.037942           0           0           0           0
 77      0.094323   -0.043418           0           0           0           0
 78       0.11169   -0.048968           0           0           0           0
 79       0.13023   -0.054551           0           0           0           0
 80       0.14978   -0.060128           0           0           0           0
 81       0.17017   -0.065662           0           0           0           0
 82       0.19124   -0.071107           0           0           0           0
 83        0.2128   -0.076423           0           0           0           0
 84       0.23465   -0.081558           0           0           0           0
 85       0.25649   -0.066541           0           0           0           0
 86       0.25668   -0.046694           0           0           0           0
 87       0.23464   -0.021807           0           0           0           0
 88       0.21268   -0.017346           0           0           0           0
 89       0.19111   -0.013175           0           0           0           0
 90       0.17005   -0.009343           0           0           0           0
 91       0.14965  -0.0058917           0           0           0           0
 92        0.1301  -0.0028635           0           0           0           0
 93       0.11156 -0.00029598           0           0           0           0
 94      0.094203   0.0017733           0           0           0           0
 95      0.078193   0.0033084           0           0           0           0
 96      0.063701   0.0042753           0           0           0           0
 97      0.050898   0.0046469           0           0           0           0
 98      0.039948   0.0044127           0           0           0           0
 99      0.030893    0.003573           0           0           0           0
100    -0.0024623   0.0077841           0           0           0           0
101    -0.0051715    0.006111           0           0           0           0
102     -0.003464    0.003574           0           0           0           0
103    -0.0085094   0.0053907           0           0           0           0
104    -0.0067642   0.0028101           0           0           0           0
105     -0.010732   0.0030703           0           0           0           0
106      0.013185   0.0057724           0           0           0           0
107      0.011636    0.007899           0           0           0           0
108      0.010817   0.0055582           0           0           0           0
109     0.0099737   0.0032825           0           0           0           0
110     0.0093335   0.0088984           0           0           0           0
111     0.0085234   0.0063735           0           0           0           0
112     0.0077148   0.0038259           0           0           0           0
113     0.0069022   0.0014443           0           0           0           0
114     0.0063295    0.008547           0           0           0           0
115     0.0054727   0.0058356           0           0           0           0
116     0.0044782   0.0029222           0           0           0           0
117     0.0031281   0.0089171           0           0           0           0
118      0.014613   0.0030373           0           0           0           0
119      0.016608   0.0029488           0           0           0           0
120      0.012409  0.00098431           0           0           0           0
121      0.014517   0.0010228           0           0           0           0
122      0.016555    0.001108           0           0           0           0
123      0.018625   0.0012484           0           0           0           0
124     0.0087562  -0.0010217           0           0           0           0
125       0.01093  -0.0010659           0           0           0           0
126      0.012996  -0.0010407           0           0           0           0
127      0.015007 -0.00098605           0           0           0           0
128      0.017048 -0.00088928           0           0           0           0
129      0.019248 -0.00072712           0           0           0           0
130      0.021751 -0.00044312           0           0           0           0
131     0.0090413  -0.0026314           0           0           0           0
132       0.01094  -0.0028693           0           0           0           0
133      0.012826   -0.003008           0           0           0           0
134      0.014733  -0.0031194           0           0           0           0
135      0.016721  -0.0032363           0           0           0           0
136      0.018903  -0.0033795           0           0           0           0
137      0.021474  -0.0036039           0           0           0           0
138     0.0093917  -0.0044092           0           0           0           0
139      0.011049  -0.0046976           0           0           0           0
140      0.012787  -0.0049881           0           0           0           0
141      0.014606  -0.0053237           0           0           0           0
142      0.016551  -0.0057495           0           0           0           0
143       0.01874  -0.0063233           0           0           0           0
144      0.021412  -0.0071241           0           0           0           0
145      0.010377  -0.0062159           0           0           0           0
146      0.011951  -0.0066392           0           0           0           0
147      0.013648  -0.0071467           0           0           0           0
148      0.015483  -0.0077861           0           0           0           0
149      0.017526  -0.0086449           0           0           0           0
150      0.019939  -0.0098753           0           0           0           0
151      0.010644  -0.0076804           0           0           0           0
152      0.012149  -0.0082618           0           0           0           0
153      0.013796  -0.0089273           0           0           0           0
154       0.01562  -0.0097123           0           0           0           0
155      0.017683   -0.010676           0           0           0           0
156      0.011644  -0.0093408           0           0           0           0
157      0.013151   -0.010042           0           0           0           0
158      0.014803   -0.010786           0           0           0           0
159      0.012568   -0.010896           0           0           0           0
160      0.010623   -0.010956           0           0           0           0
161     0.0099785    -0.00972           0           0           0           0
162     0.0090547  -0.0097045           0           0           0           0
163     0.0091059  -0.0084038           0           0           0           0
164     0.0089118   -0.007303           0           0           0           0
165     0.0074593  -0.0091779           0           0           0           0
166     0.0071445  -0.0073193           0           0           0           0
167     0.0066122  -0.0082426           0           0           0           0
168     0.0060027  -0.0063594           0           0           0           0
169     0.0052454  -0.0075744           0           0           0           0
170     0.0040662  -0.0057099           0           0           0           0
171       0.23921   -0.060693           0           0           0           0
172        0.2237   -0.038387           0           0           0           0
173       0.21696   -0.058587           0           0           0           0
174        0.2025   -0.033797           0           0           0           0
175       0.19588   -0.053679           0           0           0           0
176       0.18171   -0.029386           0           0           0           0
177       0.17524   -0.048791           0           0           0           0
178       0.16145   -0.025182           0           0           0           0
179       0.15519   -0.043958           0           0           0           0
180        0.1419   -0.021218           0           0           0           0
181        0.1359   -0.039214           0           0           0           0
182        0.1232   -0.017529           0           0           0           0
183       0.11751   -0.034595           0           0           0           0
184       0.10552   -0.014148           0           0           0           0
185       0.10018   -0.030136           0           0           0           0
186      0.089011   -0.011112           0           0           0           0
187      0.084075   -0.025872           0           0           0           0
188      0.073823  -0.0084553           0           0           0           0
189      0.069339   -0.021839           0           0           0           0
190      0.060114  -0.0062115           0           0           0           0
191      0.056126   -0.018078           0           0           0           0
192      0.048042  -0.0044167           0           0           0           0
193      0.044582   -0.014641           0           0           0           0
194      0.037764     -0.0031           0           0           0           0
195      0.034873   -0.011621           0           0           0           0
196      0.029333  -0.0032254           0           0           0           0

Element Stresses
-------------------------------------------------------------------------------
  1: (22.1726 37.334 -215328)  
     -1.4696       0.299     0.43711     0.40113     -1.5717     -13.151
  2: (25.4725 27.3985 -669507)  
    -0.68945    0.084711     0.16939     0.12015    -0.72489     -11.817
  3: (27.4892 32.8332 2.37152e-322)  
    -0.83879     0.96134      0.0264     0.96173    -0.83918    -0.84002
  4: (28.711 21.4822 1.5069e-321)  
    -0.34102     0.11751   -0.015616     0.11804    -0.34155      1.9483
  5: (15.276 47.0449 440716)  
    -0.40439      0.2119      1.4805       1.416     -1.6085     -39.121
  6: (5 46.6667 165703)  
      0.1626     -2.0171      1.6466      1.0474     -2.9019       28.25
  7: (10.276 43.7116 0)  
    -0.67696    -0.92943     0.83088     0.03722     -1.6436      40.681
  8: (10.276 37.0449 -499060)  
    -0.75365    -0.85951      1.1866     0.38118     -1.9943      43.723
  9: (15.6706 34.578 8258.36)  
    -0.62654     0.17869      0.4452     0.37632    -0.82418     -23.938
 10: (15.3946 27.5331 -776874)  
    -0.66108    -0.15915     0.38989    0.053558    -0.87379     -28.615
 11: (19.8798 24.8544 7.2431e-312)  
     -0.2821     0.15823     0.14961     0.20426    -0.32812     -17.099
 12: (19.4853 17.3213 717721)  
    -0.26777   -0.028613    0.062168   -0.013418    -0.28297     -13.735
 13: (24.785 15.6048 1.71394e+06)  
    -0.10217    0.019995    0.034457    0.029044    -0.11122     -14.714
 14: (26.9664 9.95017 638937)  
   -0.059296  -0.0015245  -0.0031749  -0.0013505    -0.05947      3.1362
 15: (36.6667 5 2.38808e-314)  
   -0.012735  -0.0031836  -0.0063673 -2.8415e-15   -0.015918      26.565
 16: (33.633 9.95017 -778764)  
  -0.0097225    0.011727  -0.0086263    0.014766   -0.012761      19.405
 17: (36.9664 14.9502 -476272)  
     -0.1485   -0.078425    -0.10769 -0.00021704    -0.22671      35.988
 18: (34.2257 20.8276 2.38808e-314)  
    -0.10175     0.19972    -0.15189     0.26298      -0.165      22.609
 19: (37.2593 25.8774 7.2431e-312)  
    -0.62045    -0.55969    -0.52742   -0.061777     -1.1184      43.352
 20: (33.7613 31.9667 138867)  
    -0.35546     0.72889    -0.58883     0.98714     -0.6137      23.681
 21: (36.502 36.0893 105827)  
     -1.8563     -1.5349     -1.6586   -0.029163      -3.362      42.233
 22: (36.6667 46.6667 1.8231e-321)  
     -5.2277     -4.4896     -4.5379    -0.30573     -9.4115      42.675
 23: (33.1687 42.7559 -317622)  
     -1.1257      2.6192     -1.1747      2.9571     -1.4636      16.051
 24: (26.502 46.0893 -191900)  
    -0.88835      2.4425      1.0621      2.7524     -1.1982     -16.263
 25: (21.778 43.1342 -623954)  
     -1.1916      1.3477     0.54945      1.4615     -1.3054     -11.701
 26: (21.751 94.9734 2.38808e-314)  
    -0.84086      1.9164     -1.8211      2.8219     -1.7463      26.437
 27: (15.8094 85.357 -211667)  
     0.33117    -0.77382     -1.8355      1.6955     -2.1381     -36.624
 28: (20.5796 87.5479 -583697)  
     0.62661      1.2513    -0.17436      1.2967     0.58124      14.586
 29: (26.2107 81.5742 2.37152e-322)  
      1.1708      2.7075     -1.6003      3.7143     0.16396      32.176
 30: (30.981 83.765 1.5069e-321)  
      1.0903        5.57     0.76463      5.6969     0.96334     -9.4242
 31: (36.6121 77.7914 230330)  
      1.8199      6.4287    -0.02964      6.4289      1.8197     0.36846
 32: (15.1156 77.7579 151955)  
      1.8186     -1.1133    -0.20967      1.8335     -1.1282     -4.0699
 33: (19.1921 72.3497 0)  
      1.8097      1.4943     -1.0024      2.6668     0.63729     -40.529
 34: (25.517 73.9751 -400000)  
      2.9856       2.277     0.38556      3.1549      2.1077      23.709
 35: (29.5935 68.5668 266667)  
      1.5479      7.0382    -0.64249      7.1124      1.4737      6.5863
 36: (35.9183 70.1923 -1.0991e+06)  
      5.9119      9.7167      3.8962       12.15      3.4784     -31.988
 37: (16.0079 65.6563 7.2431e-312)  
      3.5285     -1.0679      1.1573      3.8034     -1.3428      13.364
 38: (25.9873 111.987 457509)  
     -2.0376    -0.19238     -1.6186     0.74807     -2.9781      30.158
 39: (25.5523 106.728 936137)  
       -1.15      1.0984    -0.46899      1.1923     -1.2439      11.322
 40: (19.2597 105.318 1.47426e+06)  
     -2.1431     -1.8823     -2.3804     0.37123     -4.3967      43.432
 41: (17.6777 99.6332 2.38808e-314)  
     -1.3615     -1.0863    -0.99966    -0.21482      -2.233      41.081
 42: (11.5478 98.0328 -1.35163e+06)  
     -2.1929     -2.1811     -3.0285     0.84149     -5.2156      44.944
 43: (10.8509 91.1822 -351720)  
    -0.04924      -1.623     -1.0111     0.44508     -2.1174     -26.054
 44: (5.868 90.0083 2.38808e-314)  
    -0.61355     -2.3958     -1.8328     0.53331     -3.5426     -32.036
 45: (3.6797 84.3887 7.2431e-312)  
     0.26487     -3.6539     -1.4279     0.72997      -4.119     -18.041
 46: (7.9688 77.9635 -42478.4)  
     0.11259     -1.7102    -0.76523     0.39124     -1.9889     -20.009
 47: (4.2891 73.5747 579660)  
     0.51106     -4.9355     -1.0555     0.70844     -5.1329     -10.592
 48: (8.2517 66.6758 1.8231e-321)  
     0.98705     -1.7025      1.2357      1.4686     -2.1841       21.29
 49: (3.9626 63.1011 -313113)  
  -0.0032008     -4.8443       0.103  -0.0010103     -4.8465      1.2183
 50: (3.33333 53.3333 -359922)  
    -0.21613      -3.532     0.87684   0.0014602     -3.7496      13.937
 51: (7.29593 56.4344 23442.5)  
      1.2352    -0.99655      2.0729      2.4735     -2.2348      30.853
 52: (13.9626 53.1011 2.38808e-314)  
    -0.66629    -0.83572     0.97637     0.22904     -1.7311      42.521
 53: (18.3855 58.7482 -400000)  
     0.58419      2.0516      2.3418       3.772     -1.1362     -36.302
 54: (24.4229 55.6471 0)  
    -0.85788      2.5644     0.65237      2.6846    -0.97802     -10.435
 55: (28.9796 60.0333 2.37152e-322)  
      5.7102      6.5044      3.8531      9.9809      2.2338     -42.058
 56: (34.5567 54.3862 1.5069e-321)  
     -1.7258      9.5181     -2.2215      9.9411     -2.1488      10.781
 57: (40.39 57.7195 -308170)  
      8.9787      26.685      11.062          32      3.6637     -25.664
 58: (41.1377 64.9921 -154208)  
      2.1059      10.723      4.7122      12.799    0.029396     -23.781
 59: (48.2477 67.2726 0)  
      11.573      19.024      11.364      27.257      3.3393     -35.924
 60: (48.8317 73.7683 266667)  
      6.0618      7.6529      3.3048      10.257      3.4581     -38.233
 61: (42.4154 79.0869 -400000)  
        3.62      10.223      3.0401       11.41      2.4335      -21.32
 62: (42.8357 84.8057 -196547)  
     0.87361      6.2873     0.94603      6.4478     0.71305     -9.6322
 63: (39.0036 91.1304 7.2431e-312)  
     0.80326      5.3758      0.9234      5.5552     0.62382     -10.997
 64: (32.9523 91.3852 962193)  
    -0.20626      5.7789    -0.64121      5.8468    -0.27418      6.0469
 65: (29.3534 96.62 624490)  
    -0.88429      2.0742     0.21186      2.0893    -0.89938     -4.0752
 66: (31.5726 102.69 751905)  
     -1.3879      2.7965    -0.79857      2.9437     -1.5351      10.446
 67: (48.4249 106.881 2.38808e-314)  
     -1.4229       6.869      1.4045      7.1004     -1.6544     -9.3571
 68: (45.8556 114.668 -539123)  
     -1.9029      4.6063     0.68021      4.6766     -1.9732     -5.9024
 69: (50.8567 118.843 -182087)  
    -0.56606      7.3048      1.9789      7.7743     -1.0356     -13.347
 70: (59.0701 97.9716 2.38808e-314)  
    -0.76279      6.8703     0.95854      6.9889    -0.88132     -7.0492
 71: (56.248 104.514 7.2431e-312)  
    -0.95569      7.0592       1.226      7.2425      -1.139      -8.505
 72: (61.502 109.934 504317)  
     -1.9598      7.0449     0.72361      7.1027     -2.0176     -4.5652
 73: (58.6799 116.476 -213564)  
     -1.9833      7.5856     0.85007      7.6606     -2.0582     -5.0374
 74: (63.9338 121.896 1.8231e-321)  
     -1.9188      7.7705     0.90793      7.8549     -2.0032     -5.3073
 75: (61.1117 128.439 -22000)  
     -1.8915      8.5583      1.0177      8.6565     -1.9897     -5.5109
 76: (66.3657 133.858 -297501)  
    -0.36794      9.2576      1.8743      9.6097    -0.72003     -10.639
 77: (64.3992 83.3367 -513128)  
      7.1878      6.3169      3.7358      10.513      2.9913      41.676
 78: (69.338 87.2062 2.38808e-314)  
      1.6516      2.3452     0.98635      3.0439     0.95286     -35.314
 79: (66.8311 95.2987 -12309.5)  
      2.9026      7.0313      2.1499      7.9475      1.9864     -23.081
 80: (71.7699 99.1683 -605017)  
    -0.86309      3.9007       0.102      3.9029    -0.86527      -1.226
 81: (69.2629 107.261 2.37152e-322)  
    0.056941      7.3442     0.96886      7.4708   -0.069672     -7.4454
 82: (74.2017 111.13 1.5069e-321)  
     -2.3691      4.5192    -0.68509      4.5867     -2.4365      5.6251
 83: (71.6947 119.223 277059)  
      -1.379      8.2269     0.24092      8.2329      -1.385     -1.4358
 84: (76.6336 123.093 -342053)  
     -3.0577      4.9533     -1.4498      5.2076      -3.312      9.9489
 85: (74.1266 131.185 0)  
      -1.713      9.9281    0.016479      9.9281     -1.7131   -0.081106
 86: (79.0654 135.055 18468.6)  
     -3.1404      5.4918     -2.1056       5.978     -3.6267      13.003
 87: (76.5584 143.147 202301)  
     -1.0839      13.107     0.11142      13.108     -1.0848    -0.44982
 88: (81.4972 147.017 -567450)  
     -1.6779      6.1674     -2.8814      7.1119     -2.6225       18.15
 89: (76.8078 83.1011 7.2431e-312)  
      6.4888      3.4479     0.82526      6.6984      3.2383      14.246
 90: (81.7706 87.0884 1.58178e+06)  
      2.1616      1.6859    -0.80228      2.7605      1.0869     -36.742
 91: (79.2396 95.0632 644302)  
      2.8294      4.3568     0.72985      4.6495      2.5367      -21.85
 92: (84.2024 99.0506 686631)  
    -0.24348      1.5458     -1.0397      2.0228    -0.72044      24.644
 93: (81.6715 107.025 2.38808e-314)  
      0.5549      4.7393    0.086764      4.7411      0.5531     -1.1873
 94: (86.6342 111.013 -873648)  
       -1.76      1.1446     -1.8275      2.0266     -2.6421      25.763
 95: (84.1033 118.987 -588043)  
    -0.78509      5.0443    -0.69401      5.1258    -0.86658      6.6966
 96: (89.0661 122.975 2.38808e-314)  
      -2.629     0.42667     -2.9092      2.1848     -4.3871      31.146
 97: (86.5352 130.949 7.2431e-312)  
      -1.369      5.4666     -1.3293       5.716     -1.6184      10.626
 98: (91.4979 134.937 399954)  
     -2.7864    -0.68092     -4.0543      2.4551     -5.9225      37.722
 99: (88.967 142.911 -171617)  
     -1.2288      5.5496     -1.4942      5.8644     -1.5436      11.896
100: (93.9298 146.899 1.8231e-321)  
     -1.5725     -2.2927     -4.6544      2.7357     -6.6009     -42.788
101: (89.643 84.9639 444371)  
      3.7868      1.5818     0.06772      3.7889      1.5797      1.7574
102: (94.9845 90.8141 -396916)  
      2.4919    -0.76296    -0.89034      2.7195    -0.99059     -14.341
103: (92.0748 96.926 -386877)  
      1.8235      1.4938   -0.089768      1.8464       1.471     -14.286
104: (97.4164 102.776 2.38808e-314)  
     0.57804     -2.0676     -1.0809      0.9635     -2.4531     -19.627
105: (94.5067 108.888 24087.6)  
     0.44033      1.0337    -0.70817      1.5048   -0.030806      33.635
106: (99.8483 114.738 -509642)  
    -0.61976      -3.782      -1.647    0.082196      -4.484     -23.084
107: (96.9386 120.85 2.37152e-322)  
    -0.45884     0.15374     -1.4867      1.3654     -1.6705       39.18
108: (102.28 126.7 1.5069e-321)  
     -1.2993     -6.5444     -2.3846    -0.37723     -7.4665      -21.14
109: (99.3702 132.812 384811)  
     -1.0817     -1.2873     -2.1736      0.9915     -3.3605     -43.646
110: (104.712 138.663 225191)  
     -1.6645      -11.27     -3.0806    -0.76144     -12.173     -16.338
111: (101.802 144.774 0)  
     -1.6542     -3.4302      -2.473    0.085444     -5.1698     -35.124
112: (102.868 88.7458 -518947)  
      3.5654     -1.4261      0.8416      3.7034     -1.5642      9.3175
113: (107.843 92.7894 32848.2)  
      1.8375     -3.9925       -0.53      1.8853     -4.0403     -5.1524
114: (105.3 100.708 -856437)  
      2.1221     -2.6809     0.74709      2.2356     -2.7944      8.6402
115: (110.275 104.751 7.2431e-312)  
     0.71454     -5.1668    -0.52187     0.76049     -5.2128     -5.0316
116: (107.732 112.67 426470)  
     0.78593     -4.7105     0.73792     0.88327     -4.8079      7.5149
117: (112.706 116.713 1.13214e+06)  
    0.067619     -6.8586    -0.24707    0.076421     -6.8674     -2.0404
118: (110.164 124.632 1.08465e+06)  
    -0.31493     -8.1903      1.2262    -0.12842     -8.3769      8.6484
119: (115.138 128.676 2.38808e-314)  
    -0.35829     -9.6102     0.67172    -0.30977     -9.6587       4.131
120: (112.595 136.594 -236989)  
     -1.6372      -14.41      3.0437    -0.94895     -15.098      12.741
121: (115.765 90.9082 272814)  
      2.4644      -4.661      1.0289        2.61     -4.8066      8.0542
122: (121.144 96.9456 2.38808e-314)  
      1.9955     -6.5919     0.66559      2.0468     -6.6432      4.4058
123: (118.196 102.87 7.2431e-312)  
     0.93814      -6.198      1.5778      1.2714     -6.5313      11.927
124: (123.576 108.908 -31779)  
     0.66675     -7.4522      1.3659     0.89037     -7.6758      9.2981
125: (120.628 114.832 517029)  
     -1.0443     -8.6383      2.7629    -0.14544     -9.5372      18.021
126: (129.471 97.0581 1.8231e-321)  
      0.4737     -7.7065      2.2117      1.0334     -8.2662      14.201
127: (36.8726 105.634 -183262)  
     -1.4632      5.3646     0.73537      5.4429     -1.5415     -6.0781
128: (43.2015 102.683 -370034)  
     -1.1951      5.3087     0.89719      5.4302     -1.3166      -7.712
129: (44.0845 95.5099 -951549)  
     -0.8905      6.9398      1.7303      7.3051     -1.2558     -11.921
130: (52.13 93.1659 2.38808e-314)  
     0.73855      6.5298      1.6594      6.9716     0.29679     -14.908
131: (51.5493 86.6301 -951488)  
      1.0049      8.9936      2.5789      9.7538     0.24468     -16.424
132: (56.8682 83.4612 -56456.9)  
      4.2768      6.5018      2.1806      7.8373      2.9413     -31.485
133: (54.5708 76.3181 2.37152e-322)  
      4.8789      8.8759      3.9467      11.301      2.4536     -31.572
134: (60.9312 73.1557 1.5069e-321)  
      13.463      6.7466      5.8584      16.858      3.3522      30.088
135: (66.5462 76.1936 446741)  
      5.5386     0.31414      1.5906      5.9847    -0.13203      15.669
136: (73.9483 73.0379 -57196.2)  
      8.0849       1.564     0.60971      8.1414      1.5074       5.296
137: (79.2711 76.0758 0)  
      5.6139   -0.052025    -0.65184      5.6879    -0.12605     -6.4789
138: (86.9894 73.0379 -190531)  
       9.675     0.74447    -0.79574      9.7454     0.67412     -5.0522
139: (92.3985 77.9386 -316590)  
      6.0474      1.3353     -2.0581      6.8198     0.56301     -20.569
140: (99.9647 76.2341 -370011)  
      4.3158    -0.17925     0.24648      4.3293    -0.19273      3.1291
141: (105.093 81.191 7.2431e-312)  
      3.3667     -2.4483    -0.83868      3.4852     -2.5669     -8.0451
142: (112.128 78.957 426487)  
      3.6399     -3.6296     0.69574      3.7059     -3.6956      5.4181
143: (117.826 84.6305 1.32146e+06)  
      3.4257     -5.9308     0.15983      3.4285     -5.9335     0.97835
144: (124.697 83.6736 1.0079e+06)  
      2.5934     -6.7349     0.86827      2.6736     -6.8151      5.2727
145: (130.963 90.0637 2.38808e-314)  
      2.1725     -6.6818     0.81797      2.2474     -6.7568       5.234
146: (137.266 88.3902 -370039)  
      1.2227     -7.2583       1.265      1.4074      -7.443      8.3054
147: (149.095 92 313419)  
     -0.1003     -6.2625      1.6377     0.30789     -6.6707      13.996
148: (143.361 94.3902 2.38808e-314)  
     0.33129     -6.5297      1.8823     0.81377     -7.0122      14.377
149: (143.552 102.39 7.2431e-312)  
     -1.0686     -8.7579      3.4361     0.24315      -10.07      20.894
150: (135.964 103.385 -256275)  
      0.3944     -7.1735      2.1608     0.96789      -7.747      14.864
151: (133.016 109.309 373747)  
      -1.374     -9.0601      3.6588    0.089175     -10.523      21.796
152: (136.794 114.982 1.8231e-321)  
    -0.84336     -10.154      4.4435     0.93687     -11.934      21.833
153: (132.985 121.648 396154)  
      -2.805     -12.188      5.8177   -0.022803      -14.97      25.558
154: (126.259 121.901 -894071)  
    -0.55324     -10.265      3.0989      0.3513      -11.17      16.272
155: (123.312 127.825 -222211)  
     -2.4887      -11.95      4.3537     -0.7903     -13.649      21.311
156: (126.228 134.24 2.38809e-314)  
     -2.7264     -17.617      5.9337    -0.65112     -19.692      19.277
157: (118.865 139.077 -204255)  
      -1.522     -12.583      3.7704    -0.35906     -13.746      17.142
158: (119.065 144.838 -894061)  
    -0.52956     -22.157       7.602      1.8752     -24.561      17.554
159: (115.256 151.504 2.37152e-322)  
     -4.4956       -33.2      10.608     -1.0008     -36.695      18.234
160: (107.982 151.8 1.5069e-321)  
    -0.91692     -21.535     -2.9635    -0.49942     -21.953     -8.0191
161: (104.297 156.962 -282404)  
      3.1929     -5.6299     -6.4252      6.5754     -9.0123     -27.764
162: (94.7762 153.924 -132668)  
     -2.8221     -7.2913     -1.0518      -2.587     -7.5265     -12.603
163: (89.4787 156.962 0)  
     -1.5304      4.8823     -3.5245      6.4407     -3.0888      23.853
164: (81.1625 154.042 262826)  
    -0.20032      10.636      2.2105      11.069    -0.63392     -11.098
165: (74.6838 157.08 -415719)  
    -0.78548      12.337         1.9      12.607      -1.055     -8.0748
166: (66.6344 154.242 -222206)  
      5.7289      29.065      10.154      32.864      1.9293     -20.516
167: (68.1743 147.335 7.2431e-312)  
      1.1783      11.965      3.2652      12.876     0.26685     -15.596
168: (62.9204 141.915 1.09832e+06)  
     -0.6333      12.018      2.6954      12.568     -1.1836      -11.54
169: (55.9484 143.147 1.11626e+06)  
      4.3281      12.868        7.21      16.978      0.2185     -29.682
170: (50.5164 137.472 426459)  
     0.39709      7.2459      4.2959      9.3153     -1.6723      -25.72
171: (52.2344 130.82 2.38809e-314)  
     0.68382      8.0129      3.1372      9.1723     -0.4756     -20.283
172: (47.2333 126.645 -222197)  
     -1.1866      4.6614      1.6647      5.1021     -1.6273     -14.827
173: (40.0832 127.621 -266009)  
    -0.28367      4.8998      1.7689      5.4459    -0.82977     -17.157
174: (39.5162 119.631 2.38809e-314)  
    -0.42808      4.4061      1.6755      4.9301    -0.95203     -17.365
175: (33.8406 117.958 7.2431e-312)  
     -1.4118      2.3887    -0.10323      2.3915     -1.4146      1.5548
176: (33.0406 111.958 548388)  
     -1.3886      2.2853   -0.082809      2.2872     -1.3905      1.2905
177: (132.964 65.7013 -130156)  
      2.3788     -6.4285     -1.2041      2.5404     -6.5901     -7.6461
178: (152.071 81.382 1.8231e-321)  
     0.41264     -5.6421     0.49089     0.45218     -5.6816      4.6052
179: (148.071 84.4931 -132661)  
     0.48153     -6.5136     0.91702     0.59975     -6.6319      7.3458
180: (140.071 81.8264 -204235)  
      1.9108     -6.7092     0.55377      1.9463     -6.7446      3.6608
181: (137.442 77.2072 -894071)  
      1.2241     -6.8703    -0.31521      1.2363     -6.8826     -2.2267
182: (128.37 77.3808 2.38809e-314)  
       3.572     -6.6165    -0.25363      3.5783     -6.6228     -1.4252
183: (126.305 71.5185 -894080)  
      2.6211     -7.1174     -1.2003      2.7668     -7.2631     -6.9239
184: (118.396 69.4811 -222226)  
      3.4747     -5.8357    -0.10904       3.476      -5.837    -0.67088
185: (112.461 72.6768 2.37152e-322)  
      5.1564     -4.2388      -1.175      5.3011     -4.3835     -7.0217
186: (102.333 68 1.5069e-321)  
      6.9939   0.0040398     -2.8474       8.007     -1.0091     -19.585
187: (107.795 66.6768 396148)  
      2.3972     -2.1284     0.13798      2.4014     -2.1326      1.7447
188: (110.461 58.6768 -282430)  
        2.42     -5.3522      1.0073      2.5484     -5.4806      7.2656
189: (117.063 60.1478 0)  
      2.8629     -6.6795      -1.473      3.0851     -6.9017     -8.5782
190: (121.602 54.8044 -415764)  
      1.5416      -7.487    -0.88779      1.6281     -7.5735      -5.563
191: (128.268 54.8044 -266000)  
     0.69848     -7.7652     -2.8847      1.5882     -8.6549      -17.14
192: (132.927 58.3205 -204226)  
      1.6778      -6.599     -2.1691      2.2118      -7.133      -13.83
193: (139.658 53.5162 7.2431e-312)  
    -0.43889     -6.3182     -2.6992     0.61236     -7.3695     -21.279
194: (151.667 54.4444 426452)  
    -0.62926     -3.9822     -1.4783   -0.070578     -4.5409     -20.703
195: (146.325 57.9606 1.09832e+06)  
     0.96873     -4.5479     -1.4854      1.3432     -4.9224     -14.151
196: (146.73 67.1203 1.1163e+06)  
     0.26524     -6.3113     -0.7705     0.35431     -6.4004     -6.5938
197: (140.1 70.0567 2.38809e-314)  
       1.863     -6.1602    -0.80499       1.943     -6.2401     -5.6733
198: (152.071 72.4931 -216854)  
     0.19439     -5.6813    -0.41012     0.22288     -5.7098     -3.9735
199: (132.827 37.334 266667)  
     -0.9497     -5.8379     -2.5898      0.1672     -6.9548     -23.329
200: (127.511 32.8332 2.38809e-314)  
     -1.3919     -11.967     -3.5895    -0.28867     -13.071     -17.085
201: (129.527 27.3985 7.2431e-312)  
     -2.1182     -6.0533     -2.8517     -0.6212     -7.5503     -27.698
202: (126.289 21.4822 0)  
    -0.67485     -12.938     -2.9674   0.0054515     -13.618     -12.912
203: (133.222 43.1342 536517)  
    -0.71035      -6.757      -3.403     0.81837     -8.2857     -24.191
204: (128.498 46.0893 1.8231e-321)  
     0.14902      -9.963     -2.2525     0.62809     -10.442     -12.007
205: (118.333 46.6667 400000)  
    -0.37486     -15.153    -0.50034    -0.35794      -15.17     -1.9369
206: (121.831 42.7559 -893891)  
     0.32448     -9.9223     -2.2793     0.80863     -10.406     -11.992
207: (118.498 36.0893 -209620)  
     -1.0292     -18.268     -1.0322    -0.96758      -18.33     -3.4142
208: (121.239 31.9667 2.38809e-314)  
      0.2046     -12.106     -2.7211     0.77922     -12.681     -11.924
209: (117.741 25.8774 -216852)  
     -1.3886     -25.385     -1.8066     -1.2534     -25.521     -4.2815
210: (120.774 20.8276 -893891)  
     -1.7981     -13.528     -4.7935   -0.088431     -15.238      -19.63
211: (118.034 14.9502 2.37152e-322)  
     -2.5676     -34.827     -6.3502     -1.3626     -36.032     -10.745
212: (118.333 5 1.5069e-321)  
     -6.4814     -49.786     -12.115     -3.3226     -52.944     -14.614
213: (121.367 9.95017 -266667)  
     -1.0645     -9.2412      -8.052      3.8776     -14.183     -31.541
214: (128.034 9.95017 -136518)  
     0.76408     -6.9658   -0.036893     0.76426      -6.966    -0.27345
215: (130.215 15.6048 0)  
     -3.9405     -4.8655      -4.154    -0.22331     -8.5827     -41.824
216: (135.515 17.3213 266667)  
     0.99214    -0.22697     0.99734      1.5514    -0.78628      29.284
217: (135.12 24.8544 -400000)  
     -2.9434     -5.6868     -3.8459    -0.23184     -8.3983     -35.185
218: (139.605 27.5331 -209608)  
    -0.36927     -1.3746    -0.56243    -0.11762     -1.6263     -24.105
219: (139.329 34.578 7.2431e-312)  
     -2.5504      -4.503     -3.2103    -0.17121     -6.8821     -36.542
220: (144.724 37.0449 1.11076e+06)  
    -0.47524      -1.625     -1.1235     0.21193     -2.3121     -31.451
221: (150 46.6667 1.10351e+06)  
    -0.14457     -2.0435    -0.98943     0.27727     -2.4653     -23.091
222: (144.724 43.7116 426458)  
     -1.3873      -3.983     -2.4441    0.082129     -5.4524     -31.016
223: (139.724 47.0449 2.38809e-314)  
    -0.11425     -5.0197     -2.0225     0.61211      -5.746     -19.755
224: (142.779 380.23 -209602)  
     0.45966     -1.7327      1.9657      1.6142     -2.8872      30.427
225: (135.505 370.488 -269846)  
     0.74695      1.4048      1.7672      2.8734    -0.72174     -39.729
226: (139.706 363.032 2.38809e-314)  
     0.58015     -2.9677      2.1036       1.558     -3.9455       24.93
227: (131.684 353.536 7.2431e-312)  
     0.96107      2.5875      1.6018      3.5707   -0.022081     -31.541
228: (135.885 346.08 536518)  
     0.51627     -3.9723       2.232      1.4372     -4.8932      22.421
229: (127.863 336.584 -130149)  
      1.0121      3.6576      1.5104      4.3426     0.32712     -24.395
230: (132.064 329.128 1.8231e-321)  
     0.43247     -4.9943      2.3371      1.3002     -5.8621       20.37
231: (124.041 319.632 -136518)  
      1.0619      4.6995        1.42      5.1882     0.57325      -18.99
232: (128.243 312.176 -216847)  
     0.35755     -6.0237      2.4357       1.181     -6.8471      18.679
233: (120.22 302.68 -893915)  
      1.1208      5.7374      1.3224      6.0894     0.76883     -14.904
234: (124.422 295.224 2.38809e-314)  
     0.28693     -7.0528      2.5299      1.0744     -7.8403      17.291
235: (116.399 285.728 -893906)  
      1.1829      6.7761      1.2191      7.0303     0.92869     -11.777
236: (120.601 278.272 -209602)  
     0.21621     -8.0754      2.6202     0.97479     -8.8339      16.147
237: (112.578 268.776 2.37152e-322)  
      1.2431      7.8141       1.111      7.9969      1.0603     -9.3418
238: (116.78 261.32 1.5069e-321)  
     0.14083     -9.0872      2.7069     0.87622     -9.8226      15.199
239: (108.757 251.824 400000)  
      1.2946      8.8499     0.99688      8.9792      1.1653     -7.3914
240: (112.959 244.368 -266667)  
    0.048289     -10.079      2.7918      0.7669     -10.798      14.435
241: (104.936 234.872 0)  
      1.3167      9.8849     0.86996      9.9723      1.2292     -5.7394
242: (109.137 227.416 -120941)  
   -0.093784      -11.01      2.8734     0.61639      -11.72      13.883
243: (101.115 217.92 -330655)  
      1.2524      10.919     0.70665      10.971       1.201     -4.1588
244: (105.316 210.464 -416079)  
    -0.32708      -11.71      2.9099     0.37366      -12.41       13.54
245: (97.2938 200.968 7.2431e-312)  
     0.99361      11.909     0.42361      11.925     0.97719     -2.2191
246: (101.495 193.512 426459)  
    -0.47936     -11.511      2.5995     0.10247     -12.093      12.616
247: (94.2206 183.77 1.40646e+06)  
     -1.1422      10.072     -1.8795      10.378     -1.4488      9.2657
248: (147.102 399.406 1.00074e+06)  
     -2.5237    -0.97909      1.3809    -0.16921     -3.3336     -30.391
249: (139.536 390.721 2.38809e-314)  
    -0.31075    -0.16516      2.1674      1.9307     -2.4066     -44.038
250: (126.024 398.19 -416086)  
     -5.0683      2.2672      2.5924      3.0909      -5.892     -17.627
251: (129.125 389.505 327472)  
    -0.14923     0.50504      1.1877      1.4098      -1.054       -37.3
252: (121.173 377.886 2.38809e-314)  
     0.26912      4.6765       1.865      5.3598    -0.41416     -20.121
253: (124.31 369.36 7.2431e-312)  
     0.59759      1.4367      1.6586       2.728    -0.69369     -37.902
254: (117.28 360.617 -339844)  
     0.59943       6.957      2.1053      7.5909   -0.034531     -16.758
255: (120.452 352.249 318274)  
     0.71999      2.2211      2.1586      3.7559    -0.81487     -35.414
256: (113.387 343.347 1.8231e-321)  
     0.64066      9.3412      2.4849      10.001   -0.019003     -14.867
257: (116.596 335.139 460797)  
     0.81106      2.9554      2.6697      4.7602    -0.99378      -34.06
258: (109.494 326.077 -990389)  
     0.68994      11.856      2.7992      12.519    0.027554     -13.314
259: (112.739 318.028 -10385.8)  
     0.87356      3.6434      3.2038      5.7488     -1.2318     -33.311
260: (105.602 308.808 2.38809e-314)  
     0.76931      14.436      3.0534      15.087     0.11814     -12.039
261: (108.882 300.917 -416078)  
     0.90451      4.2932      3.7763      6.7379     -1.5401     -32.917
262: (101.709 291.538 -990396)  
     0.87954      17.051      3.2561      17.682     0.24855     -10.967
263: (105.025 283.806 2.37152e-322)  
     0.89832      4.9067      4.3939      7.7319     -1.9269      -32.74
264: (97.8161 274.268 1.5069e-321)  
       1.023      19.691      3.4088      20.294     0.42001     -10.031
265: (101.168 266.695 12367.1)  
     0.84917      5.4827      5.0566       8.728     -2.3961     -32.692
266: (93.9234 256.998 -197316)  
      1.2005      22.345      3.5086      22.912     0.63352     -9.1798
267: (97.3113 249.584 0)  
     0.74993      6.0218      5.7593      9.7198      -2.948     -32.704
268: (90.0307 239.729 327452)  
      1.4048      24.991      3.5428      25.512     0.88409     -8.3605
269: (93.4542 232.473 -120926)  
     0.58966      6.5339      6.4831      10.694     -3.5701     -32.686
270: (86.1378 222.459 -10464.6)  
      1.6141      27.565      3.4775      28.023      1.1562     -7.5015
271: (89.5971 215.363 7.2431e-312)  
     0.36052      7.0525      7.1661      11.615     -4.2023     -32.486
272: (82.245 205.189 1.40644e+06)  
      1.8074      29.908        3.27      30.284      1.4319     -6.5507
273: (85.7401 198.252 1.0007e+06)  
     0.16203      7.6036      7.6728       12.41     -4.6446     -32.065
274: (78.3523 187.92 426475)  
      2.4119      32.072       3.329      32.441      2.0429      -6.326
275: (82.6315 180.894 2.38809e-314)  
      4.4867      9.5998      6.3511       13.89     0.19689     -34.037
276: (73.6429 165.81 -10350.6)  
      3.9712      31.364      9.1472      34.137      1.1975     -16.869
277: (80.5411 170.403 -330652)  
      1.2933      12.801    -0.64283      12.837      1.2575      3.1873
278: (89.8983 164.594 2.38809e-314)  
    -0.81196       7.756       4.778      9.8894     -2.9453      -24.06
279: (97.4636 173.279 7.2431e-312)  
      2.5206     -9.0805      -1.363      2.6785     -9.2384     -6.6116
280: (110.976 165.81 318237)  
     -3.8794     -33.919      3.0618     -3.5705     -34.228       5.761
281: (107.875 174.495 -130153)  
     -4.2934     -9.6055     -2.5103     -3.2948     -10.604     -21.692
282: (115.827 186.114 1.8231e-321)  
    -0.14926     -33.104     -2.7611    0.080477     -33.334     -4.7563
283: (112.69 194.64 401836)  
      -1.294     -8.9513     -2.1721    -0.72074     -9.5246     -14.784
284: (119.72 203.383 -894095)  
    0.028043     -28.492     -2.9649       0.333     -28.797     -5.8726
285: (116.548 211.751 -203589)  
     -1.1794     -8.6785     -2.7024    -0.30706     -9.5508     -17.891
286: (123.613 220.653 2.38809e-314)  
     0.19064     -25.515     -2.7124     0.47372     -25.799     -5.9582
287: (120.404 228.861 -222877)  
     -1.0037     -7.9878     -2.7429   -0.055209     -8.9362     -19.075
288: (127.506 237.923 -894095)  
     0.22768     -23.042      -2.243     0.44192     -23.256     -5.4559
289: (124.261 245.972 2.37152e-322)  
    -0.81254     -7.1776     -2.5962     0.11207     -8.1023     -19.603
290: (131.398 255.192 1.5069e-321)  
     0.21014     -20.667     -1.7264     0.35194     -20.809     -4.6956
291: (128.118 263.083 -259074)  
    -0.62307      -6.347     -2.3642     0.22717     -7.1972      -19.78
292: (135.291 272.462 -138345)  
     0.17997     -18.278     -1.2255     0.26099     -18.359     -3.7821
293: (131.975 280.194 0)  
    -0.44242     -5.5275     -2.0768     0.29794     -6.2678     -19.621
294: (139.184 289.732 268506)  
     0.15447     -15.852    -0.75896     0.19038     -15.888     -2.7086
295: (135.832 297.305 -392394)  
    -0.27686     -4.7298     -1.7394     0.32202     -5.3287     -18.999
296: (143.077 307.002 -203567)  
     0.14358     -13.387    -0.33191     0.15172     -13.395     -1.4044
297: (139.689 314.416 7.2431e-312)  
    -0.13216     -3.9609     -1.3516     0.29689       -4.39     -17.611
298: (146.969 324.271 1.11699e+06)  
     0.15695     -10.878    0.056695     0.15724     -10.878     0.29436
299: (143.546 331.527 1.09766e+06)  
   -0.012553      -3.232    -0.90697     0.22537     -3.4699     -14.699
300: (150.862 341.541 426456)  
     0.20499     -8.3097     0.41328       0.225     -8.3297      2.7723
301: (147.403 348.637 2.38809e-314)  
    0.073457     -2.5668    -0.38712     0.12905     -2.6224     -8.1719
302: (154.755 358.811 -203655)  
     0.28833     -5.6477     0.73451     0.37786     -5.7373      6.9499
303: (151.26 365.748 -271723)  
    0.093417     -1.9957     0.22867     0.11815     -2.0204       6.174
304: (158.648 376.08 2.38809e-314)  
     0.32094     -2.9204     0.91802     0.56289     -3.1623      14.765
305: (154.368 383.106 7.2431e-312)  
    -0.18548     -1.6563     0.92174     0.25828        -2.1      25.708
306: (163.357 398.19 530784)  
    -0.28896    -0.60242     0.41723 -5.6766e-13    -0.89139      34.706
307: (156.459 393.597 -130115)  
    0.039847   -0.060199     0.73645     0.72797    -0.74832      43.057


Reaction Forces
-----------------------------------
Node #     DOF     Reaction Force
-----------------------------------
  4        Tx            -1467.8
  4        Ty            -2792.2
  8        Tx             767.77
  8        Ty             2792.2
